2018-09-20T18:54:12.795 [Info] Function started (Id=27e03944-8f08-4f02-9dfd-bb5b5df4dade)
2018-09-20T18:54:48.386 [Info] Function started (Id=24526d2d-be5b-4581-af36-8e5255904168)
2018-09-20T18:54:54.254 [Info] JavaScript HTTP trigger function processed a request.
2018-09-20T18:54:54.332 [Info] JavaScript HTTP trigger function processed a request.
2018-09-20T18:54:54.754 [Info] Function completed (Success, Id=27e03944-8f08-4f02-9dfd-bb5b5df4dade, Duration=41963ms)
2018-09-20T18:54:57.894 [Info] Function completed (Success, Id=24526d2d-be5b-4581-af36-8e5255904168, Duration=9520ms)
2018-09-20T18:57:34.304 [Info] Script for function 'CreateRating' changed. Reloading.
2018-09-20T18:57:45.226 [Info] Function started (Id=0ac60fc1-7e76-4712-8452-c9c6d3153fa5)
2018-09-20T18:57:59.714 [Info] JavaScript HTTP trigger function processed a request.
2018-09-20T18:57:59.714 [Info] user cc20a6fb-a91f-4192-874d-132493685376, product 4c25613a-a3c2-4ef3-8e02-9c335eb23204
2018-09-20T18:58:00.089 [Info] Function completed (Success, Id=0ac60fc1-7e76-4712-8452-c9c6d3153fa5, Duration=14874ms)
2018-09-20T19:05:48.037 [Info] Function started (Id=3df7e4f6-692b-4876-a1b1-820990ec3298)
2018-09-20T19:06:11.967 [Info] JavaScript HTTP trigger function processed a request.
2018-09-20T19:06:11.967 [Info] user cc20a6fb-a91f-4192-874d-132493685376, product 4c25613a-a3c2-4ef3-8e02-9c335eb23204
2018-09-20T19:06:12.459 [Info] Function completed (Success, Id=3df7e4f6-692b-4876-a1b1-820990ec3298, Duration=24422ms)
2018-09-20T19:06:20.104 [Info] Function started (Id=c3beb543-af43-4646-86e9-380c0fa3769f)
2018-09-20T19:06:20.166 [Info] JavaScript HTTP trigger function processed a request.
2018-09-20T19:06:20.197 [Info] user cc20a6fb-a91f-4192-874d-132493685376, product 4c25613a-a3c2-4ef3-8e02-9c335eb23204
2018-09-20T19:06:20.494 [Info] Function completed (Success, Id=c3beb543-af43-4646-86e9-380c0fa3769f, Duration=386ms)
2018-09-20T19:06:52.804 [Info] Function started (Id=03b0dad7-3c3e-4033-aa3c-371b3fde4289)
2018-09-20T19:06:52.819 [Info] JavaScript HTTP trigger function processed a request.
2018-09-20T19:06:52.819 [Info] user cc20a6fb-a91f-4192-874d-132493685376, product 4c25613a-a3c2-4ef3-8e02-9c335eb23204
2018-09-20T19:06:53.116 [Info] Function completed (Success, Id=03b0dad7-3c3e-4033-aa3c-371b3fde4289, Duration=319ms)
2018-09-20T19:07:31.317 [Info] Function started (Id=e5091354-0258-4c63-8f60-ca3bf4155287)
2018-09-20T19:07:31.379 [Info] JavaScript HTTP trigger function processed a request.
2018-09-20T19:07:31.379 [Info] user cc20a6fb-a91f-4192-874d-132493685376, product 4c25613a-a3c2-4ef3-8e02-9c335eb23204
2018-09-20T19:07:31.723 [Info] Function completed (Success, Id=e5091354-0258-4c63-8f60-ca3bf4155287, Duration=401ms)
2018-09-20T19:08:15.091 [Info] Script for function 'CreateRating' changed. Reloading.
2018-09-20T19:08:49.577 [Info] Function started (Id=bdc6b7e7-e4a7-41cc-a798-469a4ce23ab8)
2018-09-20T19:09:03.616 [Info] JavaScript HTTP trigger function processed a request.
2018-09-20T19:09:03.616 [Info] user cc20a6fb-a91f-4192-874d-132493685376, product 4c25613a-a3c2-4ef3-8e02-9c335eb23204
2018-09-20T19:09:04.022 [Info] { userId: 'cc20a6fb-a91f-4192-874d-132493685376',
  userName: 'doreen.riddle',
  fullName: 'Doreen Riddle' }
2018-09-20T19:09:04.022 [Info] Function completed (Success, Id=bdc6b7e7-e4a7-41cc-a798-469a4ce23ab8, Duration=14438ms)
2018-09-20T19:10:13.508 [Info] Script for function 'CreateRating' changed. Reloading.
2018-09-20T19:11:27.953 [Info] Function started (Id=ba8cb579-ec95-4d51-8d0b-d5176de5698e)
2018-09-20T19:11:40.018 [Info] JavaScript HTTP trigger function processed a request.
2018-09-20T19:11:40.018 [Info] user cc20a6fb-a91f-4192-874d-132493685376, product 4c25613a-a3c2-4ef3-8e02-9c335eb23204
2018-09-20T19:11:40.393 [Info] { userId: 'cc20a6fb-a91f-4192-874d-132493685376',
  userName: 'doreen.riddle',
  fullName: 'Doreen Riddle' }
2018-09-20T19:16:28.046 [Error] Function completed (Failure, Id=ba8cb579-ec95-4d51-8d0b-d5176de5698e, Duration=300082ms)
2018-09-20T19:16:28.093 [Error] Microsoft.Azure.WebJobs.Host: Timeout value of 00:05:00 was exceeded by function: Functions.CreateRating.
2018-09-20T19:31:21.692 [Info] Script for function 'CreateRating' changed. Reloading.
