2018-09-20T18:44:26.670 [Info] Host Status: {
  "id": "prkfunapp",
  "state": "Running",
  "version": "1.0.11959.0"
}
2018-09-20T18:44:26.670 [Info] Executed HTTP request: {
  "requestId": "754cf403-c785-4cd5-8341-2c552e698d6f",
  "method": "GET",
  "uri": "/admin/host/status",
  "authorizationLevel": "Admin",
  "status": "OK"
}
2018-09-20T18:44:31.890 [Info] Executing HTTP request: {
  "requestId": "a17095f6-bdf0-41d0-9f9e-4e4b06ffe56d",
  "method": "GET",
  "uri": "/admin/host/systemkeys"
}
2018-09-20T18:44:31.905 [Info] Executing HTTP request: {
  "requestId": "c89c284a-d9b1-4d07-a09f-93437f97f2b0",
  "method": "GET",
  "uri": "/admin/host/status"
}
2018-09-20T18:44:31.924 [Info] Executing HTTP request: {
  "requestId": "c019e863-7f85-4617-b468-c7d41bca78d8",
  "method": "GET",
  "uri": "/admin/functions/CreateRating/status"
}
2018-09-20T18:44:31.937 [Info] Executed HTTP request: {
  "requestId": "c019e863-7f85-4617-b468-c7d41bca78d8",
  "method": "GET",
  "uri": "/admin/functions/CreateRating/status",
  "authorizationLevel": "Admin",
  "status": "OK"
}
2018-09-20T18:44:31.937 [Info] Host Status: {
  "id": "prkfunapp",
  "state": "Running",
  "version": "1.0.11959.0"
}
2018-09-20T18:44:31.937 [Info] Executed HTTP request: {
  "requestId": "c89c284a-d9b1-4d07-a09f-93437f97f2b0",
  "method": "GET",
  "uri": "/admin/host/status",
  "authorizationLevel": "Admin",
  "status": "OK"
}
2018-09-20T18:44:32.124 [Info] Executed HTTP request: {
  "requestId": "a17095f6-bdf0-41d0-9f9e-4e4b06ffe56d",
  "method": "GET",
  "uri": "/admin/host/systemkeys",
  "authorizationLevel": "Admin",
  "status": "OK"
}
2018-09-20T18:44:32.631 [Info] Executing HTTP request: {
  "requestId": "db88047d-58fd-4970-aedb-819d96cbcc27",
  "method": "GET",
  "uri": "/admin/functions/CreateRating/keys"
}
2018-09-20T18:44:32.662 [Info] Executing HTTP request: {
  "requestId": "3922d8b5-056f-4a10-afb5-fe65c28656b4",
  "method": "GET",
  "uri": "/admin/host/systemkeys/_master"
}
2018-09-20T18:44:32.662 [Info] Executed HTTP request: {
  "requestId": "3922d8b5-056f-4a10-afb5-fe65c28656b4",
  "method": "GET",
  "uri": "/admin/host/systemkeys/_master",
  "authorizationLevel": "Admin",
  "status": "OK"
}
2018-09-20T18:44:32.662 [Info] Executing HTTP request: {
  "requestId": "d65871e6-b8ce-4316-a8bb-52c5bf893f6f",
  "method": "GET",
  "uri": "/admin/host/keys"
}
2018-09-20T18:44:32.662 [Info] Executed HTTP request: {
  "requestId": "d65871e6-b8ce-4316-a8bb-52c5bf893f6f",
  "method": "GET",
  "uri": "/admin/host/keys",
  "authorizationLevel": "Admin",
  "status": "OK"
}
2018-09-20T18:44:32.943 [Info] Executed HTTP request: {
  "requestId": "db88047d-58fd-4970-aedb-819d96cbcc27",
  "method": "GET",
  "uri": "/admin/functions/CreateRating/keys",
  "authorizationLevel": "Admin",
  "status": "OK"
}
2018-09-20T18:44:56.901 [Info] Stopping Host
2018-09-20T18:44:56.901 [Info] Job host stopped
2018-09-20T18:54:11.451 [Info] Reading host configuration file 'D:\home\site\wwwroot\host.json'
2018-09-20T18:54:12.451 [Info] Host configuration file read:
{}
2018-09-20T18:54:12.451 [Verbose] Host configuration applied.
2018-09-20T18:54:12.451 [Info] Starting Host (HostId=prkfunapp, Version=1.0.11959.0, InstanceId=e96e1a16-091c-4485-acf2-86308c6667fb, ProcessId=3056, AppDomainId=2, Debug=True, ConsecutiveErrors=0, StartupCount=1, FunctionsExtensionVersion=~1)
2018-09-20T18:54:12.451 [Verbose] Debug file watch initialized.
2018-09-20T18:54:12.451 [Verbose] File event source initialized.
2018-09-20T18:54:12.466 [Verbose] Function metadata read.
2018-09-20T18:54:12.466 [Verbose] Binding providers loaded.
2018-09-20T18:54:12.466 [Verbose] Binding providers initialized.
2018-09-20T18:54:12.466 [Info] Loaded custom extension 'BotFrameworkConfiguration'
2018-09-20T18:54:12.466 [Info] Loaded custom extension 'SendGridConfiguration'
2018-09-20T18:54:12.466 [Info] Loaded custom extension 'EventGridExtensionConfig'
2018-09-20T18:54:12.466 [Verbose] Extension loading complete.
2018-09-20T18:54:12.701 [Info] registered EventGrid Endpoint = https://prkfunapp.azurewebsites.net/admin/extensions/EventGridExtensionConfig
2018-09-20T18:54:12.748 [Verbose] Metadata provider created.
2018-09-20T18:54:12.748 [Verbose] Function descriptors read.
2018-09-20T18:54:12.748 [Info] Generating 1 job function(s)
2018-09-20T18:54:12.763 [Verbose] Development settings applied
2018-09-20T18:54:12.763 [Info] Found the following functions:
Host.Functions.CreateRating
2018-09-20T18:54:12.763 [Info] Host initialized (1351ms)
2018-09-20T18:54:12.795 [Info,CreateRating] Function started (Id=27e03944-8f08-4f02-9dfd-bb5b5df4dade)
2018-09-20T18:54:12.810 [Info,CreateRating] Executing 'Functions.CreateRating' (Reason='This function was programmatically called via the host APIs.', Id=27e03944-8f08-4f02-9dfd-bb5b5df4dade)
2018-09-20T18:54:12.935 [Info] Host started (1525ms)
2018-09-20T18:54:12.935 [Info] Job host started
2018-09-20T18:54:13.045 [Info] Host lock lease acquired by instance ID '84742cb669ec334051c0e0e998b0c5e0'.
2018-09-20T18:54:48.386 [Info] Executing HTTP request: {
  "requestId": "ef27d1d2-77b7-434f-8cbe-d63a2139d25d",
  "method": "POST",
  "uri": "/api/CreateRating"
}
2018-09-20T18:54:48.386 [Info,CreateRating] Function started (Id=24526d2d-be5b-4581-af36-8e5255904168)
2018-09-20T18:54:48.386 [Info,CreateRating] Executing 'Functions.CreateRating' (Reason='This function was programmatically called via the host APIs.', Id=24526d2d-be5b-4581-af36-8e5255904168)
2018-09-20T18:54:54.254 [Info,CreateRating] JavaScript HTTP trigger function processed a request.
2018-09-20T18:54:54.332 [Info,CreateRating] JavaScript HTTP trigger function processed a request.
2018-09-20T18:54:54.754 [Info,CreateRating] Function completed (Success, Id=27e03944-8f08-4f02-9dfd-bb5b5df4dade, Duration=41963ms)
2018-09-20T18:54:54.754 [Info,CreateRating] Executed 'Functions.CreateRating' (Succeeded, Id=27e03944-8f08-4f02-9dfd-bb5b5df4dade)
2018-09-20T18:54:57.894 [Info,CreateRating] Function completed (Success, Id=24526d2d-be5b-4581-af36-8e5255904168, Duration=9520ms)
2018-09-20T18:54:57.894 [Info,CreateRating] Executed 'Functions.CreateRating' (Succeeded, Id=24526d2d-be5b-4581-af36-8e5255904168)
2018-09-20T18:54:57.894 [Info] Executed HTTP request: {
  "requestId": "ef27d1d2-77b7-434f-8cbe-d63a2139d25d",
  "method": "POST",
  "uri": "/api/CreateRating",
  "authorizationLevel": "Anonymous",
  "status": "BadRequest"
}
2018-09-20T18:54:58.707 [Info] Executing HTTP request: {
  "requestId": "fddd413e-3190-4871-bb4f-34baa540146c",
  "method": "GET",
  "uri": "/admin/functions/CreateRating/status"
}
2018-09-20T18:54:58.769 [Info] Executed HTTP request: {
  "requestId": "fddd413e-3190-4871-bb4f-34baa540146c",
  "method": "GET",
  "uri": "/admin/functions/CreateRating/status",
  "authorizationLevel": "Admin",
  "status": "OK"
}
2018-09-20T18:57:34.304 [Info,CreateRating] Script for function 'CreateRating' changed. Reloading.
2018-09-20T18:57:45.205 [Info] Executing HTTP request: {
  "requestId": "6d03210d-9578-441e-af3e-029b9690a287",
  "method": "POST",
  "uri": "/api/CreateRating"
}
2018-09-20T18:57:45.226 [Info,CreateRating] Function started (Id=0ac60fc1-7e76-4712-8452-c9c6d3153fa5)
2018-09-20T18:57:45.226 [Info,CreateRating] Executing 'Functions.CreateRating' (Reason='This function was programmatically called via the host APIs.', Id=0ac60fc1-7e76-4712-8452-c9c6d3153fa5)
2018-09-20T18:57:59.714 [Info,CreateRating] JavaScript HTTP trigger function processed a request.
2018-09-20T18:57:59.714 [Info,CreateRating] user cc20a6fb-a91f-4192-874d-132493685376, product 4c25613a-a3c2-4ef3-8e02-9c335eb23204
2018-09-20T18:58:00.089 [Info,CreateRating] Function completed (Success, Id=0ac60fc1-7e76-4712-8452-c9c6d3153fa5, Duration=14874ms)
2018-09-20T18:58:00.089 [Info,CreateRating] Executed 'Functions.CreateRating' (Succeeded, Id=0ac60fc1-7e76-4712-8452-c9c6d3153fa5)
2018-09-20T18:58:00.089 [Info] Executed HTTP request: {
  "requestId": "6d03210d-9578-441e-af3e-029b9690a287",
  "method": "POST",
  "uri": "/api/CreateRating",
  "authorizationLevel": "Anonymous",
  "status": "BadRequest"
}
2018-09-20T18:58:00.652 [Info] Executing HTTP request: {
  "requestId": "7f03af2c-58a4-4db8-a862-4b113f73cefa",
  "method": "GET",
  "uri": "/admin/functions/CreateRating/status"
}
2018-09-20T18:58:00.652 [Info] Executed HTTP request: {
  "requestId": "7f03af2c-58a4-4db8-a862-4b113f73cefa",
  "method": "GET",
  "uri": "/admin/functions/CreateRating/status",
  "authorizationLevel": "Admin",
  "status": "OK"
}
2018-09-20T19:05:09.866 [Info] Host Status: {
  "id": "prkfunapp",
  "state": "Running",
  "version": "1.0.11959.0"
}
2018-09-20T19:05:09.866 [Info] Executed HTTP request: {
  "requestId": "f6dc4162-ee09-4b90-91dd-eb9d5ea2b6da",
  "method": "GET",
  "uri": "/admin/host/status",
  "authorizationLevel": "Admin",
  "status": "OK"
}
2018-09-20T19:05:10.007 [Info] Executing HTTP request: {
  "requestId": "ec0feedf-7d0f-4e48-bedd-e458e61b9074",
  "method": "GET",
  "uri": "/admin/host/keys"
}
2018-09-20T19:05:10.007 [Info] Executed HTTP request: {
  "requestId": "ec0feedf-7d0f-4e48-bedd-e458e61b9074",
  "method": "GET",
  "uri": "/admin/host/keys",
  "authorizationLevel": "Admin",
  "status": "OK"
}
2018-09-20T19:05:10.038 [Info] Executing HTTP request: {
  "requestId": "c5dcb7ae-97fb-4e07-8ca8-d9e9bf7c50e5",
  "method": "GET",
  "uri": "/admin/host/systemkeys/_master"
}
2018-09-20T19:05:10.038 [Info] Executed HTTP request: {
  "requestId": "c5dcb7ae-97fb-4e07-8ca8-d9e9bf7c50e5",
  "method": "GET",
  "uri": "/admin/host/systemkeys/_master",
  "authorizationLevel": "Admin",
  "status": "OK"
}
2018-09-20T19:05:10.038 [Info] Executing HTTP request: {
  "requestId": "9980343e-d6ca-41eb-9f2c-5784e1ea2124",
  "method": "GET",
  "uri": "/admin/functions/CreateRating/keys"
}
2018-09-20T19:05:10.429 [Info] Executed HTTP request: {
  "requestId": "9980343e-d6ca-41eb-9f2c-5784e1ea2124",
  "method": "GET",
  "uri": "/admin/functions/CreateRating/keys",
  "authorizationLevel": "Admin",
  "status": "OK"
}
2018-09-20T19:05:27.191 [Info] Stopping Host
2018-09-20T19:05:27.191 [Info] Job host stopped
2018-09-20T19:05:47.787 [Info] Reading host configuration file 'D:\home\site\wwwroot\host.json'
2018-09-20T19:05:47.787 [Info] Host configuration file read:
{}
2018-09-20T19:05:47.787 [Verbose] Host configuration applied.
2018-09-20T19:05:47.787 [Info] Starting Host (HostId=prkfunapp, Version=1.0.11959.0, InstanceId=1fd6b6aa-e548-4699-af19-388804c4df9e, ProcessId=1396, AppDomainId=2, Debug=True, ConsecutiveErrors=0, StartupCount=1, FunctionsExtensionVersion=~1)
2018-09-20T19:05:47.802 [Verbose] Debug file watch initialized.
2018-09-20T19:05:47.802 [Verbose] File event source initialized.
2018-09-20T19:05:47.818 [Verbose] Function metadata read.
2018-09-20T19:05:47.818 [Verbose] Binding providers loaded.
2018-09-20T19:05:47.818 [Verbose] Binding providers initialized.
2018-09-20T19:05:47.818 [Info] Loaded custom extension 'BotFrameworkConfiguration'
2018-09-20T19:05:47.818 [Info] Loaded custom extension 'SendGridConfiguration'
2018-09-20T19:05:47.818 [Info] Loaded custom extension 'EventGridExtensionConfig'
2018-09-20T19:05:47.818 [Verbose] Extension loading complete.
2018-09-20T19:05:47.959 [Info] registered EventGrid Endpoint = https://prkfunapp.azurewebsites.net/admin/extensions/EventGridExtensionConfig
2018-09-20T19:05:48.006 [Verbose] Metadata provider created.
2018-09-20T19:05:48.006 [Verbose] Function descriptors read.
2018-09-20T19:05:48.006 [Info] Generating 1 job function(s)
2018-09-20T19:05:48.021 [Verbose] Development settings applied
2018-09-20T19:05:48.021 [Info] Found the following functions:
Host.Functions.CreateRating
2018-09-20T19:05:48.021 [Info] Host initialized (273ms)
2018-09-20T19:05:48.037 [Info,CreateRating] Function started (Id=3df7e4f6-692b-4876-a1b1-820990ec3298)
2018-09-20T19:05:48.052 [Info,CreateRating] Executing 'Functions.CreateRating' (Reason='This function was programmatically called via the host APIs.', Id=3df7e4f6-692b-4876-a1b1-820990ec3298)
2018-09-20T19:05:48.240 [Info] Host started (490ms)
2018-09-20T19:05:48.240 [Info] Job host started
2018-09-20T19:05:48.271 [Info] Host lock lease acquired by instance ID '84742cb669ec334051c0e0e998b0c5e0'.
2018-09-20T19:06:11.967 [Info,CreateRating] JavaScript HTTP trigger function processed a request.
2018-09-20T19:06:11.967 [Info,CreateRating] user cc20a6fb-a91f-4192-874d-132493685376, product 4c25613a-a3c2-4ef3-8e02-9c335eb23204
2018-09-20T19:06:12.459 [Info,CreateRating] Function completed (Success, Id=3df7e4f6-692b-4876-a1b1-820990ec3298, Duration=24422ms)
2018-09-20T19:06:12.459 [Info,CreateRating] Executed 'Functions.CreateRating' (Succeeded, Id=3df7e4f6-692b-4876-a1b1-820990ec3298)
2018-09-20T19:06:13.068 [Info] Executing HTTP request: {
  "requestId": "7b970720-a3f9-4738-8fb9-37199d6b8925",
  "method": "GET",
  "uri": "/admin/functions/CreateRating/status"
}
2018-09-20T19:06:13.131 [Info] Executed HTTP request: {
  "requestId": "7b970720-a3f9-4738-8fb9-37199d6b8925",
  "method": "GET",
  "uri": "/admin/functions/CreateRating/status",
  "authorizationLevel": "Admin",
  "status": "OK"
}
2018-09-20T19:06:20.104 [Info] Executing HTTP request: {
  "requestId": "77114fed-e7af-4980-b9bb-752a7c0e9d73",
  "method": "POST",
  "uri": "/api/CreateRating"
}
2018-09-20T19:06:20.104 [Info,CreateRating] Function started (Id=c3beb543-af43-4646-86e9-380c0fa3769f)
2018-09-20T19:06:20.104 [Info,CreateRating] Executing 'Functions.CreateRating' (Reason='This function was programmatically called via the host APIs.', Id=c3beb543-af43-4646-86e9-380c0fa3769f)
2018-09-20T19:06:20.166 [Info,CreateRating] JavaScript HTTP trigger function processed a request.
2018-09-20T19:06:20.197 [Info,CreateRating] user cc20a6fb-a91f-4192-874d-132493685376, product 4c25613a-a3c2-4ef3-8e02-9c335eb23204
2018-09-20T19:06:20.494 [Info,CreateRating] Function completed (Success, Id=c3beb543-af43-4646-86e9-380c0fa3769f, Duration=386ms)
2018-09-20T19:06:20.494 [Info,CreateRating] Executed 'Functions.CreateRating' (Succeeded, Id=c3beb543-af43-4646-86e9-380c0fa3769f)
2018-09-20T19:06:20.494 [Info] Executed HTTP request: {
  "requestId": "77114fed-e7af-4980-b9bb-752a7c0e9d73",
  "method": "POST",
  "uri": "/api/CreateRating",
  "authorizationLevel": "Anonymous",
  "status": "BadRequest"
}
2018-09-20T19:06:52.804 [Info] Executing HTTP request: {
  "requestId": "6f62b10b-313e-4a38-bcdb-af61df04dbf4",
  "method": "POST",
  "uri": "/api/CreateRating"
}
2018-09-20T19:06:52.804 [Info,CreateRating] Function started (Id=03b0dad7-3c3e-4033-aa3c-371b3fde4289)
2018-09-20T19:06:52.804 [Info,CreateRating] Executing 'Functions.CreateRating' (Reason='This function was programmatically called via the host APIs.', Id=03b0dad7-3c3e-4033-aa3c-371b3fde4289)
2018-09-20T19:06:52.819 [Info,CreateRating] JavaScript HTTP trigger function processed a request.
2018-09-20T19:06:52.819 [Info,CreateRating] user cc20a6fb-a91f-4192-874d-132493685376, product 4c25613a-a3c2-4ef3-8e02-9c335eb23204
2018-09-20T19:06:53.116 [Info,CreateRating] Function completed (Success, Id=03b0dad7-3c3e-4033-aa3c-371b3fde4289, Duration=319ms)
2018-09-20T19:06:53.116 [Info,CreateRating] Executed 'Functions.CreateRating' (Succeeded, Id=03b0dad7-3c3e-4033-aa3c-371b3fde4289)
2018-09-20T19:06:53.116 [Info] Executed HTTP request: {
  "requestId": "6f62b10b-313e-4a38-bcdb-af61df04dbf4",
  "method": "POST",
  "uri": "/api/CreateRating",
  "authorizationLevel": "Anonymous",
  "status": "BadRequest"
}
2018-09-20T19:07:17.978 [Info] Executing HTTP request: {
  "requestId": "418c497c-b0de-48b5-9301-f5ebe9f89509",
  "method": "GET",
  "uri": "/admin/host/systemkeys"
}
2018-09-20T19:07:17.994 [Info] Executed HTTP request: {
  "requestId": "418c497c-b0de-48b5-9301-f5ebe9f89509",
  "method": "GET",
  "uri": "/admin/host/systemkeys",
  "authorizationLevel": "Admin",
  "status": "OK"
}
2018-09-20T19:07:18.009 [Info] Executing HTTP request: {
  "requestId": "7894977e-5801-454b-af80-29697d133b84",
  "method": "GET",
  "uri": "/admin/host/status"
}
2018-09-20T19:07:18.009 [Info] Executing HTTP request: {
  "requestId": "7739c971-2536-4a7b-b6fa-90defe621ca8",
  "method": "GET",
  "uri": "/admin/functions/CreateRating/status"
}
2018-09-20T19:07:18.009 [Info] Executed HTTP request: {
  "requestId": "7739c971-2536-4a7b-b6fa-90defe621ca8",
  "method": "GET",
  "uri": "/admin/functions/CreateRating/status",
  "authorizationLevel": "Admin",
  "status": "OK"
}
2018-09-20T19:07:18.025 [Info] Host Status: {
  "id": "prkfunapp",
  "state": "Running",
  "version": "1.0.11959.0"
}
2018-09-20T19:07:18.025 [Info] Executed HTTP request: {
  "requestId": "7894977e-5801-454b-af80-29697d133b84",
  "method": "GET",
  "uri": "/admin/host/status",
  "authorizationLevel": "Admin",
  "status": "OK"
}
2018-09-20T19:07:18.166 [Info] Executing HTTP request: {
  "requestId": "b2c621e5-c55f-4584-9b9f-8b7a89f3033b",
  "method": "GET",
  "uri": "/admin/functions/CreateRating/keys"
}
2018-09-20T19:07:18.166 [Info] Executing HTTP request: {
  "requestId": "05e233b5-827f-4b2b-8b78-aef9abdcc7da",
  "method": "GET",
  "uri": "/admin/host/systemkeys/_master"
}
2018-09-20T19:07:18.185 [Info] Executed HTTP request: {
  "requestId": "05e233b5-827f-4b2b-8b78-aef9abdcc7da",
  "method": "GET",
  "uri": "/admin/host/systemkeys/_master",
  "authorizationLevel": "Admin",
  "status": "OK"
}
2018-09-20T19:07:18.185 [Info] Executing HTTP request: {
  "requestId": "4f9fd20b-174c-43ad-b147-b5e3aca48d4a",
  "method": "GET",
  "uri": "/admin/host/keys"
}
2018-09-20T19:07:18.185 [Info] Executed HTTP request: {
  "requestId": "4f9fd20b-174c-43ad-b147-b5e3aca48d4a",
  "method": "GET",
  "uri": "/admin/host/keys",
  "authorizationLevel": "Admin",
  "status": "OK"
}
2018-09-20T19:07:18.244 [Info] Executed HTTP request: {
  "requestId": "b2c621e5-c55f-4584-9b9f-8b7a89f3033b",
  "method": "GET",
  "uri": "/admin/functions/CreateRating/keys",
  "authorizationLevel": "Admin",
  "status": "OK"
}
2018-09-20T19:07:31.317 [Info] Executing HTTP request: {
  "requestId": "5df4cea7-a072-4506-9311-9aaf8a3f587a",
  "method": "POST",
  "uri": "/api/CreateRating"
}
2018-09-20T19:07:31.317 [Info,CreateRating] Function started (Id=e5091354-0258-4c63-8f60-ca3bf4155287)
2018-09-20T19:07:31.317 [Info,CreateRating] Executing 'Functions.CreateRating' (Reason='This function was programmatically called via the host APIs.', Id=e5091354-0258-4c63-8f60-ca3bf4155287)
2018-09-20T19:07:31.379 [Info,CreateRating] JavaScript HTTP trigger function processed a request.
2018-09-20T19:07:31.379 [Info,CreateRating] user cc20a6fb-a91f-4192-874d-132493685376, product 4c25613a-a3c2-4ef3-8e02-9c335eb23204
2018-09-20T19:07:31.723 [Info,CreateRating] Function completed (Success, Id=e5091354-0258-4c63-8f60-ca3bf4155287, Duration=401ms)
2018-09-20T19:07:31.723 [Info,CreateRating] Executed 'Functions.CreateRating' (Succeeded, Id=e5091354-0258-4c63-8f60-ca3bf4155287)
2018-09-20T19:07:31.723 [Info] Executed HTTP request: {
  "requestId": "5df4cea7-a072-4506-9311-9aaf8a3f587a",
  "method": "POST",
  "uri": "/api/CreateRating",
  "authorizationLevel": "Anonymous",
  "status": "BadRequest"
}
2018-09-20T19:08:15.091 [Info,CreateRating] Script for function 'CreateRating' changed. Reloading.
2018-09-20T19:08:49.577 [Info] Executing HTTP request: {
  "requestId": "8b293ace-0e20-44e2-a2ad-0cf526a68ed2",
  "method": "POST",
  "uri": "/api/CreateRating"
}
2018-09-20T19:08:49.577 [Info,CreateRating] Function started (Id=bdc6b7e7-e4a7-41cc-a798-469a4ce23ab8)
2018-09-20T19:08:49.577 [Info,CreateRating] Executing 'Functions.CreateRating' (Reason='This function was programmatically called via the host APIs.', Id=bdc6b7e7-e4a7-41cc-a798-469a4ce23ab8)
2018-09-20T19:09:03.616 [Info,CreateRating] JavaScript HTTP trigger function processed a request.
2018-09-20T19:09:03.616 [Info,CreateRating] user cc20a6fb-a91f-4192-874d-132493685376, product 4c25613a-a3c2-4ef3-8e02-9c335eb23204
2018-09-20T19:09:04.022 [Info,CreateRating] { userId: 'cc20a6fb-a91f-4192-874d-132493685376',
  userName: 'doreen.riddle',
  fullName: 'Doreen Riddle' }
2018-09-20T19:09:04.022 [Info,CreateRating] Function completed (Success, Id=bdc6b7e7-e4a7-41cc-a798-469a4ce23ab8, Duration=14438ms)
2018-09-20T19:09:04.022 [Info,CreateRating] Executed 'Functions.CreateRating' (Succeeded, Id=bdc6b7e7-e4a7-41cc-a798-469a4ce23ab8)
2018-09-20T19:09:04.022 [Info] Executed HTTP request: {
  "requestId": "8b293ace-0e20-44e2-a2ad-0cf526a68ed2",
  "method": "POST",
  "uri": "/api/CreateRating",
  "authorizationLevel": "Anonymous",
  "status": "BadRequest"
}
2018-09-20T19:09:04.585 [Info] Executing HTTP request: {
  "requestId": "7f2d9c57-4f58-400e-b209-3ce765606a16",
  "method": "GET",
  "uri": "/admin/functions/CreateRating/status"
}
2018-09-20T19:09:04.585 [Info] Executed HTTP request: {
  "requestId": "7f2d9c57-4f58-400e-b209-3ce765606a16",
  "method": "GET",
  "uri": "/admin/functions/CreateRating/status",
  "authorizationLevel": "Admin",
  "status": "OK"
}
2018-09-20T19:10:13.508 [Info,CreateRating] Script for function 'CreateRating' changed. Reloading.
2018-09-20T19:11:27.953 [Info] Executing HTTP request: {
  "requestId": "d96f640b-3187-494a-beab-204dc3400a6a",
  "method": "POST",
  "uri": "/api/CreateRating"
}
2018-09-20T19:11:27.953 [Info,CreateRating] Function started (Id=ba8cb579-ec95-4d51-8d0b-d5176de5698e)
2018-09-20T19:11:27.953 [Info,CreateRating] Executing 'Functions.CreateRating' (Reason='This function was programmatically called via the host APIs.', Id=ba8cb579-ec95-4d51-8d0b-d5176de5698e)
2018-09-20T19:11:40.018 [Info,CreateRating] JavaScript HTTP trigger function processed a request.
2018-09-20T19:11:40.018 [Info,CreateRating] user cc20a6fb-a91f-4192-874d-132493685376, product 4c25613a-a3c2-4ef3-8e02-9c335eb23204
2018-09-20T19:11:40.393 [Info,CreateRating] { userId: 'cc20a6fb-a91f-4192-874d-132493685376',
  userName: 'doreen.riddle',
  fullName: 'Doreen Riddle' }
2018-09-20T19:16:27.968 [Error] A ScriptHost error has occurred
2018-09-20T19:16:27.968 [Error] System.InvalidOperationException : Timeout value of 00:05:00 exceeded by function 'Functions.CreateRating' (Id: 'ba8cb579-ec95-4d51-8d0b-d5176de5698e'). Initiating cancellation.
2018-09-20T19:16:28.030 [Error,CreateRating] Timeout value of 00:05:00 exceeded by function 'Functions.CreateRating' (Id: 'ba8cb579-ec95-4d51-8d0b-d5176de5698e'). Initiating cancellation.
2018-09-20T19:16:28.046 [Error,CreateRating] Function completed (Failure, Id=ba8cb579-ec95-4d51-8d0b-d5176de5698e, Duration=300082ms)
2018-09-20T19:16:28.046 [Error] A ScriptHost error has occurred
2018-09-20T19:16:28.046 [Error] Timeout value of 00:05:00 was exceeded by function: Functions.CreateRating
2018-09-20T19:16:28.093 [Error,CreateRating] Microsoft.Azure.WebJobs.Host: Timeout value of 00:05:00 was exceeded by function: Functions.CreateRating.
2018-09-20T19:16:28.124 [Error,CreateRating] Executed 'Functions.CreateRating' (Failed, Id=ba8cb579-ec95-4d51-8d0b-d5176de5698e)
2018-09-20T19:16:28.124 [Error,CreateRating] Timeout value of 00:05:00 was exceeded by function: Functions.CreateRating
2018-09-20T19:16:28.124 [Error,CreateRating] Function had errors. See Azure WebJobs SDK dashboard for details. Instance ID is 'ba8cb579-ec95-4d51-8d0b-d5176de5698e'
2018-09-20T19:16:28.124 [Error,CreateRating] Timeout value of 00:05:00 was exceeded by function: Functions.CreateRating
2018-09-20T19:16:30.146 [Error] A function timeout has occurred. Host is shutting down.
2018-09-20T19:16:30.146 [Error] Timeout value of 00:05:00 was exceeded by function: Functions.CreateRating
2018-09-20T19:16:30.238 [Info] Job host stopped
2018-09-20T19:16:30.347 [Verbose] Host '84742cb669ec334051c0e0e998b0c5e0' released lock lease.
2018-09-20T19:29:57.973 [Info] Host configuration file read:
{}
2018-09-20T19:29:58.004 [Info] Starting Host (HostId=prkfunapp, Version=1.0.11959.0, InstanceId=a228772a-fd8c-4c24-8b4d-60a9c90584f8, ProcessId=1396, AppDomainId=3, Debug=True, ConsecutiveErrors=0, StartupCount=1, FunctionsExtensionVersion=~1)
2018-09-20T19:29:58.363 [Info] Loaded custom extension 'BotFrameworkConfiguration'
2018-09-20T19:29:58.363 [Info] Loaded custom extension 'SendGridConfiguration'
2018-09-20T19:29:58.363 [Info] Loaded custom extension 'EventGridExtensionConfig'
2018-09-20T19:29:59.004 [Info] registered EventGrid Endpoint = https://prkfunapp.azurewebsites.net/admin/extensions/EventGridExtensionConfig
2018-09-20T19:29:59.488 [Info] Generating 1 job function(s)
2018-09-20T19:29:59.848 [Info] Found the following functions:
Host.Functions.CreateRating
2018-09-20T19:29:59.848 [Info] Host initialized (4127ms)
2018-09-20T19:30:00.176 [Info] Host started (4462ms)
2018-09-20T19:30:00.176 [Info] Job host started
2018-09-20T19:30:00.332 [Info] Host lock lease acquired by instance ID '84742cb669ec334051c0e0e998b0c5e0'.
2018-09-20T19:30:35.365 [Info] Executing HTTP request: {
  "requestId": "136615a1-8c08-4f71-bfda-fec2cb9b4c07",
  "method": "GET",
  "uri": "/admin/host/systemkeys"
}
2018-09-20T19:30:35.385 [Info] Executing HTTP request: {
  "requestId": "c7c9b5fb-09bd-4961-923a-2cb4e2be269a",
  "method": "GET",
  "uri": "/admin/host/status"
}
2018-09-20T19:30:35.446 [Info] Executed HTTP request: {
  "requestId": "136615a1-8c08-4f71-bfda-fec2cb9b4c07",
  "method": "GET",
  "uri": "/admin/host/systemkeys",
  "authorizationLevel": "Admin",
  "status": "OK"
}
2018-09-20T19:30:35.459 [Info] Executing HTTP request: {
  "requestId": "d134bbcd-2c0f-4453-82b4-4c2b5e8cafd6",
  "method": "GET",
  "uri": "/admin/functions/CreateRating/status"
}
2018-09-20T19:30:35.525 [Info] Executed HTTP request: {
  "requestId": "d134bbcd-2c0f-4453-82b4-4c2b5e8cafd6",
  "method": "GET",
  "uri": "/admin/functions/CreateRating/status",
  "authorizationLevel": "Admin",
  "status": "OK"
}
2018-09-20T19:30:35.525 [Info] Host Status: {
  "id": "prkfunapp",
  "state": "Running",
  "version": "1.0.11959.0"
}
2018-09-20T19:30:35.525 [Info] Executed HTTP request: {
  "requestId": "c7c9b5fb-09bd-4961-923a-2cb4e2be269a",
  "method": "GET",
  "uri": "/admin/host/status",
  "authorizationLevel": "Admin",
  "status": "OK"
}
2018-09-20T19:30:36.100 [Info] Executing HTTP request: {
  "requestId": "853ea64c-b22b-4ce5-a2ce-45903bdfe527",
  "method": "GET",
  "uri": "/admin/functions/CreateRating/keys"
}
2018-09-20T19:30:36.115 [Info] Executing HTTP request: {
  "requestId": "b16f8057-f7e6-4755-8037-f04839d7e06b",
  "method": "GET",
  "uri": "/admin/host/keys"
}
2018-09-20T19:30:36.115 [Info] Executed HTTP request: {
  "requestId": "b16f8057-f7e6-4755-8037-f04839d7e06b",
  "method": "GET",
  "uri": "/admin/host/keys",
  "authorizationLevel": "Admin",
  "status": "OK"
}
2018-09-20T19:30:36.162 [Info] Executing HTTP request: {
  "requestId": "3de14599-1ca6-4f99-b302-09933a453786",
  "method": "GET",
  "uri": "/admin/host/systemkeys/_master"
}
2018-09-20T19:30:36.181 [Info] Executed HTTP request: {
  "requestId": "3de14599-1ca6-4f99-b302-09933a453786",
  "method": "GET",
  "uri": "/admin/host/systemkeys/_master",
  "authorizationLevel": "Admin",
  "status": "OK"
}
2018-09-20T19:30:36.303 [Info] Executed HTTP request: {
  "requestId": "853ea64c-b22b-4ce5-a2ce-45903bdfe527",
  "method": "GET",
  "uri": "/admin/functions/CreateRating/keys",
  "authorizationLevel": "Admin",
  "status": "OK"
}
2018-09-20T19:31:21.692 [Info,CreateRating] Script for function 'CreateRating' changed. Reloading.
2018-09-20T19:34:11.163 [Info] Executing HTTP request: {
  "requestId": "c23e45a2-923b-43e3-9461-372781482448",
  "method": "GET",
  "uri": "/admin/host/status"
}
2018-09-20T19:34:11.303 [Info] Host Status: {
  "id": "prkfunapp",
  "state": "Running",
  "version": "1.0.11959.0"
}
2018-09-20T19:34:11.303 [Info] Executed HTTP request: {
  "requestId": "c23e45a2-923b-43e3-9461-372781482448",
  "method": "GET",
  "uri": "/admin/host/status",
  "authorizationLevel": "Admin",
  "status": "OK"
}
2018-09-20T19:34:57.685 [Info] Stopping Host
2018-09-20T19:34:57.765 [Info] Job host stopped
2018-09-20T19:35:26.857 [Info] Reading host configuration file 'D:\home\site\wwwroot\host.json'
2018-09-20T19:35:26.857 [Info] Host configuration file read:
{}
2018-09-20T19:35:26.857 [Verbose] Host configuration applied.
2018-09-20T19:35:26.857 [Info] Starting Host (HostId=prkfunapp, Version=1.0.11959.0, InstanceId=150d73d7-3920-4b5f-8f9c-65f4045f6447, ProcessId=5400, AppDomainId=2, Debug=True, ConsecutiveErrors=0, StartupCount=1, FunctionsExtensionVersion=~1)
2018-09-20T19:35:26.873 [Verbose] Debug file watch initialized.
2018-09-20T19:35:26.873 [Verbose] File event source initialized.
2018-09-20T19:35:26.888 [Verbose] Function metadata read.
2018-09-20T19:35:26.888 [Verbose] Binding providers loaded.
2018-09-20T19:35:26.888 [Verbose] Binding providers initialized.
2018-09-20T19:35:26.904 [Info] Loaded custom extension 'BotFrameworkConfiguration'
2018-09-20T19:35:26.904 [Info] Loaded custom extension 'SendGridConfiguration'
2018-09-20T19:35:26.904 [Info] Loaded custom extension 'EventGridExtensionConfig'
2018-09-20T19:35:26.904 [Verbose] Extension loading complete.
2018-09-20T19:35:27.060 [Info] registered EventGrid Endpoint = https://prkfunapp.azurewebsites.net/admin/extensions/EventGridExtensionConfig
2018-09-20T19:35:27.107 [Verbose] Metadata provider created.
2018-09-20T19:35:27.107 [Verbose] Function descriptors read.
2018-09-20T19:35:27.107 [Info] Generating 1 job function(s)
2018-09-20T19:35:27.123 [Verbose] Development settings applied
2018-09-20T19:35:27.123 [Info] Found the following functions:
Host.Functions.CreateRating
2018-09-20T19:35:27.123 [Info] Host initialized (804ms)
2018-09-20T19:35:27.263 [Info] Host started (957ms)
2018-09-20T19:35:27.263 [Info] Job host started
2018-09-20T19:35:27.310 [Info] Host lock lease acquired by instance ID '84742cb669ec334051c0e0e998b0c5e0'.
