2018-09-21T04:59:44.525 [Info] Reading host configuration file 'D:\home\site\wwwroot\host.json'
2018-09-21T04:59:46.089 [Info] Host configuration file read:
{}
2018-09-21T04:59:46.089 [Verbose] Host configuration applied.
2018-09-21T04:59:46.089 [Info] Starting Host (HostId=prkfunapp, Version=1.0.11959.0, InstanceId=9e0e38ce-8cdf-4253-89d8-452397bfb285, ProcessId=5296, AppDomainId=2, Debug=True, ConsecutiveErrors=0, StartupCount=1, FunctionsExtensionVersion=~1)
2018-09-21T04:59:46.089 [Verbose] Debug file watch initialized.
2018-09-21T04:59:46.089 [Verbose] File event source initialized.
2018-09-21T04:59:47.130 [Verbose] Function metadata read.
2018-09-21T04:59:47.130 [Verbose] Binding providers loaded.
2018-09-21T04:59:47.130 [Verbose] Binding providers initialized.
2018-09-21T04:59:47.130 [Info] Loaded custom extension 'BotFrameworkConfiguration'
2018-09-21T04:59:47.130 [Info] Loaded custom extension 'SendGridConfiguration'
2018-09-21T04:59:47.130 [Info] Loaded custom extension 'EventGridExtensionConfig'
2018-09-21T04:59:47.130 [Verbose] Extension loading complete.
2018-09-21T04:59:47.330 [Info] registered EventGrid Endpoint = https://prkfunapp.azurewebsites.net/admin/extensions/EventGridExtensionConfig
2018-09-21T04:59:47.371 [Verbose] Metadata provider created.
2018-09-21T04:59:47.389 [Verbose] Function descriptors read.
2018-09-21T04:59:47.389 [Info] Generating 2 job function(s)
2018-09-21T04:59:47.402 [Verbose] Development settings applied
2018-09-21T04:59:47.402 [Info] Found the following functions:
Host.Functions.CreateRating
Host.Functions.GetRatings
2018-09-21T04:59:47.402 [Info] Host initialized (3045ms)
2018-09-21T04:59:47.574 [Info] Host started (3216ms)
2018-09-21T04:59:47.574 [Info] Job host started
2018-09-21T04:59:47.652 [Info] Host lock lease acquired by instance ID '5dd988bc189d93b5584fd77a9e129390'.
2018-09-21T05:05:12.774 [Info] Stopping Host
2018-09-21T05:05:12.806 [Info] Job host stopped
