2018-09-21T05:07:49.727 [Info] Reading host configuration file 'D:\home\site\wwwroot\host.json'
2018-09-21T05:07:50.878 [Info] Host configuration file read:
{}
2018-09-21T05:07:50.878 [Verbose] Host configuration applied.
2018-09-21T05:07:50.878 [Info] Starting Host (HostId=prkfunapp, Version=1.0.11959.0, InstanceId=9b25d3a2-b85a-4747-a923-d4382760f51a, ProcessId=312, AppDomainId=2, Debug=True, ConsecutiveErrors=0, StartupCount=1, FunctionsExtensionVersion=~1)
2018-09-21T05:07:50.878 [Verbose] Debug file watch initialized.
2018-09-21T05:07:50.878 [Verbose] File event source initialized.
2018-09-21T05:07:50.940 [Verbose] Function metadata read.
2018-09-21T05:07:50.940 [Verbose] Binding providers loaded.
2018-09-21T05:07:50.940 [Verbose] Binding providers initialized.
2018-09-21T05:07:50.940 [Info] Loaded custom extension 'BotFrameworkConfiguration'
2018-09-21T05:07:50.940 [Info] Loaded custom extension 'SendGridConfiguration'
2018-09-21T05:07:50.940 [Info] Loaded custom extension 'EventGridExtensionConfig'
2018-09-21T05:07:50.940 [Verbose] Extension loading complete.
2018-09-21T05:07:50.940 [Info] registered EventGrid Endpoint = https://prkfunapp.azurewebsites.net/admin/extensions/EventGridExtensionConfig
2018-09-21T05:07:50.987 [Verbose] Metadata provider created.
2018-09-21T05:07:50.987 [Verbose] Function descriptors read.
2018-09-21T05:07:50.987 [Info] Generating 2 job function(s)
2018-09-21T05:07:51.005 [Verbose] Development settings applied
2018-09-21T05:07:51.005 [Info] Found the following functions:
Host.Functions.CreateRating
Host.Functions.GetRatings
2018-09-21T05:07:51.005 [Info] Host initialized (1334ms)
2018-09-21T05:07:51.190 [Info] Host started (1522ms)
2018-09-21T05:07:51.190 [Info] Job host started
2018-09-21T05:07:51.268 [Info] Host lock lease acquired by instance ID '0eeea74039ec7bb960b22673f73344b5'.
2018-09-21T05:07:51.706 [Info] Executing HTTP request: {
  "requestId": "b563beda-f9df-4074-9dd3-852de3745b27",
  "method": "GET",
  "uri": "/admin/functions/CreateRating/keys"
}
2018-09-21T05:07:51.726 [Info] Executing HTTP request: {
  "requestId": "d32dacea-dccc-4ef0-93db-df8660cb90bb",
  "method": "GET",
  "uri": "/admin/host/systemkeys/_master"
}
2018-09-21T05:07:51.726 [Info] Executed HTTP request: {
  "requestId": "d32dacea-dccc-4ef0-93db-df8660cb90bb",
  "method": "GET",
  "uri": "/admin/host/systemkeys/_master",
  "authorizationLevel": "Admin",
  "status": "OK"
}
2018-09-21T05:07:51.737 [Info] Executing HTTP request: {
  "requestId": "a31d10d7-b068-48fa-9f73-65a3fb922fb3",
  "method": "GET",
  "uri": "/admin/host/keys"
}
2018-09-21T05:07:51.737 [Info] Executed HTTP request: {
  "requestId": "a31d10d7-b068-48fa-9f73-65a3fb922fb3",
  "method": "GET",
  "uri": "/admin/host/keys",
  "authorizationLevel": "Admin",
  "status": "OK"
}
2018-09-21T05:07:51.815 [Info] Executed HTTP request: {
  "requestId": "b563beda-f9df-4074-9dd3-852de3745b27",
  "method": "GET",
  "uri": "/admin/functions/CreateRating/keys",
  "authorizationLevel": "Admin",
  "status": "OK"
}
2018-09-21T05:08:06.792 [Info] Executing HTTP request: {
  "requestId": "798919af-6657-4723-8c79-692838311de3",
  "method": "GET",
  "uri": "/admin/host/status"
}
2018-09-21T05:08:06.808 [Info] Host Status: {
  "id": "prkfunapp",
  "state": "Running",
  "version": "1.0.11959.0"
}
2018-09-21T05:08:06.808 [Info] Executed HTTP request: {
  "requestId": "798919af-6657-4723-8c79-692838311de3",
  "method": "GET",
  "uri": "/admin/host/status",
  "authorizationLevel": "Admin",
  "status": "OK"
}
2018-09-21T05:10:15.298 [Info] Executing HTTP request: {
  "requestId": "fe3176fc-42b7-487c-b2be-4728c940b960",
  "method": "GET",
  "uri": "/admin/host/status"
}
2018-09-21T05:10:15.329 [Info] Host Status: {
  "id": "prkfunapp",
  "state": "Running",
  "version": "1.0.11959.0"
}
2018-09-21T05:10:15.329 [Info] Executed HTTP request: {
  "requestId": "fe3176fc-42b7-487c-b2be-4728c940b960",
  "method": "GET",
  "uri": "/admin/host/status",
  "authorizationLevel": "Admin",
  "status": "OK"
}
2018-09-21T05:10:18.782 [Info] Executing HTTP request: {
  "requestId": "f6c57468-9fce-4179-8248-dadbce871392",
  "method": "GET",
  "uri": "/admin/host/status"
}
2018-09-21T05:10:18.813 [Info] Host Status: {
  "id": "prkfunapp",
  "state": "Running",
  "version": "1.0.11959.0"
}
2018-09-21T05:10:18.813 [Info] Executed HTTP request: {
  "requestId": "f6c57468-9fce-4179-8248-dadbce871392",
  "method": "GET",
  "uri": "/admin/host/status",
  "authorizationLevel": "Admin",
  "status": "OK"
}
2018-09-21T05:10:19.143 [Info] Executing HTTP request: {
  "requestId": "8cd1d373-2178-46ed-8339-98406cfacd89",
  "method": "GET",
  "uri": "/admin/host/systemkeys"
}
2018-09-21T05:10:19.143 [Info] Executed HTTP request: {
  "requestId": "8cd1d373-2178-46ed-8339-98406cfacd89",
  "method": "GET",
  "uri": "/admin/host/systemkeys",
  "authorizationLevel": "Admin",
  "status": "OK"
}
2018-09-21T05:10:19.204 [Info] Executing HTTP request: {
  "requestId": "9fca0b6e-1969-4117-9b95-81639f267633",
  "method": "GET",
  "uri": "/admin/functions/CreateRating/status"
}
2018-09-21T05:10:19.204 [Info] Executed HTTP request: {
  "requestId": "9fca0b6e-1969-4117-9b95-81639f267633",
  "method": "GET",
  "uri": "/admin/functions/CreateRating/status",
  "authorizationLevel": "Admin",
  "status": "OK"
}
2018-09-21T05:10:19.677 [Info] Executing HTTP request: {
  "requestId": "9e6019a5-9ae6-4fa9-8c0b-b4ce416c45d0",
  "method": "GET",
  "uri": "/admin/functions/CreateRating/keys"
}
2018-09-21T05:10:19.689 [Info] Executing HTTP request: {
  "requestId": "9bd5ea27-1933-4437-a89c-d367f9dd12f5",
  "method": "GET",
  "uri": "/admin/host/systemkeys/_master"
}
2018-09-21T05:10:19.689 [Info] Executed HTTP request: {
  "requestId": "9bd5ea27-1933-4437-a89c-d367f9dd12f5",
  "method": "GET",
  "uri": "/admin/host/systemkeys/_master",
  "authorizationLevel": "Admin",
  "status": "OK"
}
2018-09-21T05:10:19.689 [Info] Executed HTTP request: {
  "requestId": "9e6019a5-9ae6-4fa9-8c0b-b4ce416c45d0",
  "method": "GET",
  "uri": "/admin/functions/CreateRating/keys",
  "authorizationLevel": "Admin",
  "status": "OK"
}
2018-09-21T05:10:19.689 [Info] Executing HTTP request: {
  "requestId": "00c7c863-79a9-487c-9161-969574a1fce8",
  "method": "GET",
  "uri": "/admin/host/keys"
}
2018-09-21T05:10:19.689 [Info] Executed HTTP request: {
  "requestId": "00c7c863-79a9-487c-9161-969574a1fce8",
  "method": "GET",
  "uri": "/admin/host/keys",
  "authorizationLevel": "Admin",
  "status": "OK"
}
2018-09-21T05:10:46.888 [Info] Stopping Host
2018-09-21T05:10:46.888 [Info] Job host stopped
2018-09-21T05:12:39.720 [Info] Reading host configuration file 'D:\home\site\wwwroot\host.json'
2018-09-21T05:12:40.972 [Info] Host configuration file read:
{}
2018-09-21T05:12:40.972 [Verbose] Host configuration applied.
2018-09-21T05:12:40.972 [Info] Starting Host (HostId=prkfunapp, Version=1.0.11959.0, InstanceId=a03abc3b-7ba6-449c-85c2-3a8959dcc859, ProcessId=832, AppDomainId=2, Debug=True, ConsecutiveErrors=0, StartupCount=1, FunctionsExtensionVersion=~1)
2018-09-21T05:12:40.972 [Verbose] Debug file watch initialized.
2018-09-21T05:12:40.972 [Verbose] File event source initialized.
2018-09-21T05:12:41.963 [Verbose] Function metadata read.
2018-09-21T05:12:41.963 [Verbose] Binding providers loaded.
2018-09-21T05:12:41.963 [Verbose] Binding providers initialized.
2018-09-21T05:12:41.963 [Info] Loaded custom extension 'BotFrameworkConfiguration'
2018-09-21T05:12:41.963 [Info] Loaded custom extension 'SendGridConfiguration'
2018-09-21T05:12:41.963 [Info] Loaded custom extension 'EventGridExtensionConfig'
2018-09-21T05:12:41.963 [Verbose] Extension loading complete.
2018-09-21T05:12:42.088 [Info] registered EventGrid Endpoint = https://prkfunapp.azurewebsites.net/admin/extensions/EventGridExtensionConfig
2018-09-21T05:12:42.134 [Verbose] Metadata provider created.
2018-09-21T05:12:42.134 [Verbose] Function descriptors read.
2018-09-21T05:12:42.134 [Info] Generating 2 job function(s)
2018-09-21T05:12:42.150 [Verbose] Development settings applied
2018-09-21T05:12:42.150 [Info] Found the following functions:
Host.Functions.CreateRating
Host.Functions.GetRatings
2018-09-21T05:12:42.150 [Info] Host initialized (2491ms)
2018-09-21T05:12:42.306 [Info] Host started (2646ms)
2018-09-21T05:12:42.306 [Info] Job host started
2018-09-21T05:12:42.353 [Info] Host lock lease acquired by instance ID '0eeea74039ec7bb960b22673f73344b5'.
2018-09-21T05:13:33.245 [Info] Stopping Host
2018-09-21T05:13:33.257 [Info] Job host stopped
